<?xml version="1.0" encoding="UTF-8"?>
<testng-results skipped="0" failed="0" ignored="0" total="1" passed="1">
  <reporter-output>
  </reporter-output>
  <suite name="Suite" duration-ms="7730" started-at="2019-02-11T10:06:29Z" finished-at="2019-02-11T10:06:37Z">
    <groups>
    </groups>
    <test name="Test" duration-ms="7730" started-at="2019-02-11T10:06:29Z" finished-at="2019-02-11T10:06:37Z">
      <class name="inheritence_multi_level.Div">
        <test-method status="PASS" signature="add()[pri:0, instance:inheritence_multi_level.Div@100fc185]" name="add" is-config="true" duration-ms="7677" started-at="2019-02-11T10:06:29Z" finished-at="2019-02-11T10:06:37Z">
          <reporter-output>
          </reporter-output>
        </test-method> <!-- add -->
        <test-method status="PASS" signature="sub()[pri:0, instance:inheritence_multi_level.Div@100fc185]" name="sub" is-config="true" duration-ms="0" started-at="2019-02-11T10:06:37Z" depends-on-methods="inheritence_multi_level.Add.add" finished-at="2019-02-11T10:06:37Z">
          <reporter-output>
          </reporter-output>
        </test-method> <!-- sub -->
        <test-method status="PASS" signature="mul()[pri:0, instance:inheritence_multi_level.Div@100fc185]" name="mul" is-config="true" duration-ms="0" started-at="2019-02-11T10:06:37Z" finished-at="2019-02-11T10:06:37Z">
          <reporter-output>
          </reporter-output>
        </test-method> <!-- mul -->
        <test-method status="PASS" signature="Divs()[pri:0, instance:inheritence_multi_level.Div@100fc185]" name="Divs" duration-ms="12" started-at="2019-02-11T10:06:37Z" finished-at="2019-02-11T10:06:37Z">
          <reporter-output>
          </reporter-output>
        </test-method> <!-- Divs -->
      </class> <!-- inheritence_multi_level.Div -->
    </test> <!-- Test -->
  </suite> <!-- Suite -->
</testng-results>
